<?xml version="1.0" encoding="UTF-8"?>
<testsuite name="com.jocampo.PaintTest" tests="1" skipped="0" failures="0" errors="0" timestamp="2021-02-17T21:04:51" hostname="Jorges-MacBook-Pro.local" time="0.002">
  <properties/>
  <testcase name="testOverflowingCoordinates" classname="com.jocampo.PaintTest" time="0.002"/>
  <system-out><![CDATA[]]></system-out>
  <system-err><![CDATA[]]></system-err>
</testsuite>
